<?xml version="1.0" encoding="UTF-8"?>
<!-- Generated by org.testng.reporters.JUnitReportReporter -->
<testsuite skipped="1" hostname="VamsiReddy-PC" name="com.ps.testcases.TC_FeotSurvey" tests="6" failures="0" timestamp="11 May 2021 09:13:59 GMT" time="82.901" errors="0">
  <testcase name="FeotSurvey" time="49.595" classname="com.ps.testcases.TC_FeotSurvey"/>
  <testcase name="search" time="12.222" classname="com.ps.testcases.TC_FeotSurvey"/>
  <testcase name="verifydashboard" time="3.903" classname="com.ps.testcases.TC_FeotSurvey"/>
  <testcase name="RemoveFeot" time="3.075" classname="com.ps.testcases.TC_FeotSurvey"/>
  <testcase name="verifydashboard2" time="7.046" classname="com.ps.testcases.TC_FeotSurvey"/>
  <testcase name="verifydashboard2" time="7.060" classname="com.ps.testcases.TC_FeotSurvey">
    <skipped/>
  </testcase> <!-- verifydashboard2 -->
</testsuite> <!-- com.ps.testcases.TC_FeotSurvey -->
