<?xml version="1.0" encoding="UTF-8"?>
<!-- Generated by org.testng.reporters.JUnitReportReporter -->
<testsuite skipped="0" hostname="VamsiReddy-PC" name="com.w2a.testcases.OpenAccountTest" tests="1" failures="0" timestamp="07 Feb 2021 10:12:42 GMT" time="4.059" errors="0">
  <testcase name="openAccountTest" time="4.059" classname="com.w2a.testcases.OpenAccountTest"/>
</testsuite> <!-- com.w2a.testcases.OpenAccountTest -->
