<?xml version="1.0" encoding="UTF-8"?>
<!-- Generated by org.testng.reporters.JUnitReportReporter -->
<testsuite skipped="0" hostname="VamsiReddy-PC" name="com.ps.testcases.Feasibility" tests="1" failures="0" timestamp="11 May 2021 09:13:59 GMT" time="240.972" errors="0">
  <testcase name="feasibility" time="240.972" classname="com.ps.testcases.Feasibility"/>
</testsuite> <!-- com.ps.testcases.Feasibility -->
