<?xml version="1.0" encoding="UTF-8"?>
<!-- Generated by org.testng.reporters.JUnitReportReporter -->
<testsuite skipped="0" hostname="VamsiReddy-PC" name="com.ps.Test.TrafficChannels" tests="5" failures="0" timestamp="11 May 2021 09:13:59 GMT" time="144.686" errors="0">
  <testcase name="TCCreation" time="31.455" classname="com.ps.Test.TrafficChannels"/>
  <testcase name="tcchild" time="39.996" classname="com.ps.Test.TrafficChannels"/>
  <testcase name="verifyTC" time="13.227" classname="com.ps.Test.TrafficChannels"/>
  <testcase name="TCSearch" time="9.512" classname="com.ps.Test.TrafficChannels"/>
  <testcase name="TCStatus" time="50.496" classname="com.ps.Test.TrafficChannels"/>
</testsuite> <!-- com.ps.Test.TrafficChannels -->
