<?xml version="1.0" encoding="UTF-8"?>
<!-- Generated by org.testng.reporters.JUnitReportReporter -->
<testsuite skipped="0" hostname="VamsiReddy-PC" name="com.w2a.testcases.BankManagerLoginTest" tests="1" failures="0" timestamp="07 Feb 2021 10:12:42 GMT" time="3.712" errors="0">
  <testcase name="bankManagerLoginTest" time="3.712" classname="com.w2a.testcases.BankManagerLoginTest"/>
</testsuite> <!-- com.w2a.testcases.BankManagerLoginTest -->
