<?xml version="1.0" encoding="UTF-8"?>
<!-- Generated by org.testng.reporters.JUnitReportReporter -->
<testsuite skipped="0" hostname="VamsiReddy-PC" name="com.ps.rough.SurveyName" tests="1" failures="0" timestamp="08 Feb 2021 07:48:17 GMT" time="0.014" errors="0">
  <testcase name="surveyname" time="0.014" classname="com.ps.rough.SurveyName"/>
</testsuite> <!-- com.ps.rough.SurveyName -->
