<?xml version="1.0" encoding="UTF-8"?>
<!-- Generated by org.testng.reporters.JUnitReportReporter -->
<testsuite skipped="0" hostname="VamsiReddy-PC" name="com.ps.testcases.AddCustomerTest" tests="4" failures="0" timestamp="11 Feb 2021 18:32:57 GMT" time="0.015" errors="0">
  <testcase name="addCustomerTest" time="0.007" classname="com.ps.testcases.AddCustomerTest"/>
  <testcase name="addCustomerTest" time="0.000" classname="com.ps.testcases.AddCustomerTest"/>
  <testcase name="addCustomerTest" time="0.008" classname="com.ps.testcases.AddCustomerTest"/>
  <testcase name="addCustomerTest" time="0.000" classname="com.ps.testcases.AddCustomerTest"/>
</testsuite> <!-- com.ps.testcases.AddCustomerTest -->
