<?xml version="1.0" encoding="UTF-8"?>
<!-- Generated by org.testng.reporters.JUnitReportReporter -->
<testsuite hostname="VamsiReddy-PC" failures="0" tests="5" name="com.ps.Test.TrafficChannels" time="144.785" errors="0" timestamp="05 May 2021 05:44:54 GMT" skipped="0">
  <testcase classname="com.ps.Test.TrafficChannels" name="TCCreation" time="31.761"/>
  <testcase classname="com.ps.Test.TrafficChannels" name="tcchild" time="39.716"/>
  <testcase classname="com.ps.Test.TrafficChannels" name="verifyTC" time="13.237"/>
  <testcase classname="com.ps.Test.TrafficChannels" name="TCSearch" time="9.676"/>
  <testcase classname="com.ps.Test.TrafficChannels" name="TCStatus" time="50.395"/>
</testsuite> <!-- com.ps.Test.TrafficChannels -->
